<?xml version="1.0" encoding="UTF-8"?>
<!-- Generated by org.testng.reporters.JUnitReportReporter -->
<testsuite hostname="LAPTOP-JUA187N9" failures="0" tests="2" name="testcases.ProductTest" time="65.378" errors="0" timestamp="2025-01-31T17:11:14 IST" skipped="0">
  <testcase classname="testcases.ProductTest" name="testLoginAndAddProduct" time="37.553"/>
  <system-out/>
  <testcase classname="testcases.ProductTest" name="testAddProduct" time="27.825"/>
  <system-out/>
</testsuite> <!-- testcases.ProductTest -->
