<?xml version="1.0" encoding="UTF-8"?>
<!-- Generated by org.testng.reporters.JUnitReportReporter -->
<testsuite hostname="LAPTOP-JUA187N9" failures="0" tests="1" name="testcases.LoginTest" time="20.930" errors="0" timestamp="2025-02-04T11:38:35 IST" skipped="0">
  <testcase classname="testcases.LoginTest" name="testValidLogin" time="20.930"/>
  <system-out/>
</testsuite> <!-- testcases.LoginTest -->
