<?xml version="1.0" encoding="UTF-8"?>
<!-- Generated by org.testng.reporters.JUnitReportReporter -->
<testsuite hostname="LAPTOP-JUA187N9" failures="0" tests="1" name="testcases.CgTest" time="8.001" errors="0" timestamp="2025-02-05T11:34:35 IST" skipped="0">
  <testcase classname="testcases.CgTest" name="testAllowedPincodesDisplay" time="8.001"/>
  <system-out/>
</testsuite> <!-- testcases.CgTest -->
