<?xml version="1.0" encoding="UTF-8"?>
<!-- Generated by org.testng.reporters.JUnitReportReporter -->
<testsuite hostname="LAPTOP-JUA187N9" failures="0" tests="1" name="testcases.ProductTest" time="35.321" errors="0" timestamp="2025-01-31T16:16:19 IST" skipped="0">
  <testcase classname="testcases.ProductTest" name="testLoginAndAddProduct" time="35.321"/>
  <system-out/>
</testsuite> <!-- testcases.ProductTest -->
